# JRE version: OpenJDK Runtime Environment (8.0_242-b01) (build 1.8.0_242-release-1644-b01)
# Java VM: OpenJDK 64-Bit Server VM (25.242-b01 mixed mode windows-amd64 compressed oops)
Heap:
 PSYoungGen      total 597504K, used 177130K [0x00000000d5580000, 0x0000000100000000, 0x0000000100000000)
  eden space 559616K, 31% used [0x00000000d5580000,0x00000000e027a900,0x00000000f7800000)
  from space 37888K, 0% used [0x00000000fc500000,0x00000000fc500000,0x00000000fea00000)
  to   space 69632K, 0% used [0x00000000f7800000,0x00000000f7800000,0x00000000fbc00000)
 ParOldGen       total 279040K, used 150790K [0x0000000080000000, 0x0000000091080000, 0x00000000d5580000)
  object space 279040K, 54% used [0x0000000080000000,0x0000000089341b38,0x0000000091080000)
 Metaspace       used 93918K, capacity 98582K, committed 99608K, reserved 1134592K
  class space    used 12379K, capacity 13243K, committed 13616K, reserved 1048576K
GC Heap History (10 events):
Event: 20.677 GC heap before
{Heap before GC invocations=15 (full 3):
 PSYoungGen      total 382464K, used 382447K [0x00000000d5580000, 0x00000000f6d00000, 0x0000000100000000)
  eden space 359424K, 100% used [0x00000000d5580000,0x00000000eb480000,0x00000000eb480000)
  from space 23040K, 99% used [0x00000000eb480000,0x00000000ecafbf60,0x00000000ecb00000)
  to   space 33792K, 0% used [0x00000000f4c00000,0x00000000f4c00000,0x00000000f6d00000)
 ParOldGen       total 97792K, used 55628K [0x0000000080000000, 0x0000000085f80000, 0x00000000d5580000)
  object space 97792K, 56% used [0x0000000080000000,0x0000000083653318,0x0000000085f80000)
 Metaspace       used 73910K, capacity 77490K, committed 77720K, reserved 1116160K
  class space    used 9911K, capacity 10570K, committed 10672K, reserved 1048576K
Event: 20.756 GC heap after
Heap after GC invocations=15 (full 3):
 PSYoungGen      total 498176K, used 23384K [0x00000000d5580000, 0x00000000f6680000, 0x0000000100000000)
  eden space 471040K, 0% used [0x00000000d5580000,0x00000000d5580000,0x00000000f2180000)
  from space 27136K, 86% used [0x00000000f4c00000,0x00000000f62d62c8,0x00000000f6680000)
  to   space 35328K, 0% used [0x00000000f2180000,0x00000000f2180000,0x00000000f4400000)
 ParOldGen       total 97792K, used 76243K [0x0000000080000000, 0x0000000085f80000, 0x00000000d5580000)
  object space 97792K, 77% used [0x0000000080000000,0x0000000084a74c38,0x0000000085f80000)
 Metaspace       used 73910K, capacity 77490K, committed 77720K, reserved 1116160K
  class space    used 9911K, capacity 10570K, committed 10672K, reserved 1048576K
}
Event: 31.645 GC heap before
{Heap before GC invocations=16 (full 3):
 PSYoungGen      total 498176K, used 494424K [0x00000000d5580000, 0x00000000f6680000, 0x0000000100000000)
  eden space 471040K, 100% used [0x00000000d5580000,0x00000000f2180000,0x00000000f2180000)
  from space 27136K, 86% used [0x00000000f4c00000,0x00000000f62d62c8,0x00000000f6680000)
  to   space 35328K, 0% used [0x00000000f2180000,0x00000000f2180000,0x00000000f4400000)
 ParOldGen       total 97792K, used 76243K [0x0000000080000000, 0x0000000085f80000, 0x00000000d5580000)
  object space 97792K, 77% used [0x0000000080000000,0x0000000084a74c38,0x0000000085f80000)
 Metaspace       used 85761K, capacity 90168K, committed 90264K, reserved 1128448K
  class space    used 11356K, capacity 12164K, committed 12208K, reserved 1048576K
Event: 31.718 GC heap after
Heap after GC invocations=16 (full 3):
 PSYoungGen      total 506368K, used 27149K [0x00000000d5580000, 0x00000000fea00000, 0x0000000100000000)
  eden space 471040K, 0% used [0x00000000d5580000,0x00000000d5580000,0x00000000f2180000)
  from space 35328K, 76% used [0x00000000f2180000,0x00000000f3c037e0,0x00000000f4400000)
  to   space 37888K, 0% used [0x00000000fc500000,0x00000000fc500000,0x00000000fea00000)
 ParOldGen       total 97792K, used 87097K [0x0000000080000000, 0x0000000085f80000, 0x00000000d5580000)
  object space 97792K, 89% used [0x0000000080000000,0x000000008550e528,0x0000000085f80000)
 Metaspace       used 85761K, capacity 90168K, committed 90264K, reserved 1128448K
  class space    used 11356K, capacity 12164K, committed 12208K, reserved 1048576K
}
Event: 31.718 GC heap before
{Heap before GC invocations=17 (full 4):
 PSYoungGen      total 506368K, used 27149K [0x00000000d5580000, 0x00000000fea00000, 0x0000000100000000)
  eden space 471040K, 0% used [0x00000000d5580000,0x00000000d5580000,0x00000000f2180000)
  from space 35328K, 76% used [0x00000000f2180000,0x00000000f3c037e0,0x00000000f4400000)
  to   space 37888K, 0% used [0x00000000fc500000,0x00000000fc500000,0x00000000fea00000)
 ParOldGen       total 97792K, used 87097K [0x0000000080000000, 0x0000000085f80000, 0x00000000d5580000)
  object space 97792K, 89% used [0x0000000080000000,0x000000008550e528,0x0000000085f80000)
 Metaspace       used 85761K, capacity 90168K, committed 90264K, reserved 1128448K
  class space    used 11356K, capacity 12164K, committed 12208K, reserved 1048576K
Event: 32.084 GC heap after
Heap after GC invocations=17 (full 4):
 PSYoungGen      total 506368K, used 0K [0x00000000d5580000, 0x00000000fea00000, 0x0000000100000000)
  eden space 471040K, 0% used [0x00000000d5580000,0x00000000d5580000,0x00000000f2180000)
  from space 35328K, 0% used [0x00000000f2180000,0x00000000f2180000,0x00000000f4400000)
  to   space 37888K, 0% used [0x00000000fc500000,0x00000000fc500000,0x00000000fea00000)
 ParOldGen       total 165888K, used 76312K [0x0000000080000000, 0x000000008a200000, 0x00000000d5580000)
  object space 165888K, 46% used [0x0000000080000000,0x0000000084a863c0,0x000000008a200000)
 Metaspace       used 85392K, capacity 89120K, committed 90264K, reserved 1128448K
  class space    used 11234K, capacity 11948K, committed 12208K, reserved 1048576K
}
Event: 41.095 GC heap before
{Heap before GC invocations=18 (full 4):
 PSYoungGen      total 506368K, used 471040K [0x00000000d5580000, 0x00000000fea00000, 0x0000000100000000)
  eden space 471040K, 100% used [0x00000000d5580000,0x00000000f2180000,0x00000000f2180000)
  from space 35328K, 0% used [0x00000000f2180000,0x00000000f2180000,0x00000000f4400000)
  to   space 37888K, 0% used [0x00000000fc500000,0x00000000fc500000,0x00000000fea00000)
 ParOldGen       total 165888K, used 76312K [0x0000000080000000, 0x000000008a200000, 0x00000000d5580000)
  object space 165888K, 46% used [0x0000000080000000,0x0000000084a863c0,0x000000008a200000)
 Metaspace       used 94209K, capacity 99244K, committed 99352K, reserved 1134592K
  class space    used 12533K, capacity 13522K, committed 13616K, reserved 1048576K
Event: 41.584 GC heap after
Heap after GC invocations=18 (full 4):
 PSYoungGen      total 597504K, used 37881K [0x00000000d5580000, 0x0000000100000000, 0x0000000100000000)
  eden space 559616K, 0% used [0x00000000d5580000,0x00000000d5580000,0x00000000f7800000)
  from space 37888K, 99% used [0x00000000fc500000,0x00000000fe9fe590,0x00000000fea00000)
  to   space 69632K, 0% used [0x00000000f7800000,0x00000000f7800000,0x00000000fbc00000)
 ParOldGen       total 165888K, used 145788K [0x0000000080000000, 0x000000008a200000, 0x00000000d5580000)
  object space 165888K, 87% used [0x0000000080000000,0x0000000088e5f3b0,0x000000008a200000)
 Metaspace       used 94209K, capacity 99244K, committed 99352K, reserved 1134592K
  class space    used 12533K, capacity 13522K, committed 13616K, reserved 1048576K
}
Event: 41.584 GC heap before
{Heap before GC invocations=19 (full 5):
 PSYoungGen      total 597504K, used 37881K [0x00000000d5580000, 0x0000000100000000, 0x0000000100000000)
  eden space 559616K, 0% used [0x00000000d5580000,0x00000000d5580000,0x00000000f7800000)
  from space 37888K, 99% used [0x00000000fc500000,0x00000000fe9fe590,0x00000000fea00000)
  to   space 69632K, 0% used [0x00000000f7800000,0x00000000f7800000,0x00000000fbc00000)
 ParOldGen       total 165888K, used 145788K [0x0000000080000000, 0x000000008a200000, 0x00000000d5580000)
  object space 165888K, 87% used [0x0000000080000000,0x0000000088e5f3b0,0x000000008a200000)
 Metaspace       used 94209K, capacity 99244K, committed 99352K, reserved 1134592K
  class space    used 12533K, capacity 13522K, committed 13616K, reserved 1048576K
Event: 42.761 GC heap after
Heap after GC invocations=19 (full 5):
 PSYoungGen      total 597504K, used 0K [0x00000000d5580000, 0x0000000100000000, 0x0000000100000000)
  eden space 559616K, 0% used [0x00000000d5580000,0x00000000d5580000,0x00000000f7800000)
  from space 37888K, 0% used [0x00000000fc500000,0x00000000fc500000,0x00000000fea00000)
  to   space 69632K, 0% used [0x00000000f7800000,0x00000000f7800000,0x00000000fbc00000)
 ParOldGen       total 279040K, used 150790K [0x0000000080000000, 0x0000000091080000, 0x00000000d5580000)
  object space 279040K, 54% used [0x0000000080000000,0x0000000089341b38,0x0000000091080000)
 Metaspace       used 93789K, capacity 98374K, committed 99352K, reserved 1134592K
  class space    used 12377K, capacity 13241K, committed 13616K, reserved 1048576K
}

