# JRE version: OpenJDK Runtime Environment (8.0_242-b01) (build 1.8.0_242-release-1644-b01)
# Java VM: OpenJDK 64-Bit Server VM (25.242-b01 mixed mode windows-amd64 compressed oops)
Heap:
 PSYoungGen      total 286208K, used 31252K [0x00000000d5580000, 0x00000000ed180000, 0x0000000100000000)
  eden space 262144K, 2% used [0x00000000d5580000,0x00000000d5c8a670,0x00000000e5580000)
  from space 24064K, 99% used [0x00000000eba00000,0x00000000ed17ab70,0x00000000ed180000)
  to   space 20992K, 0% used [0x00000000e5580000,0x00000000e5580000,0x00000000e6a00000)
 ParOldGen       total 102400K, used 59823K [0x0000000080000000, 0x0000000086400000, 0x00000000d5580000)
  object space 102400K, 58% used [0x0000000080000000,0x0000000083a6bda8,0x0000000086400000)
 Metaspace       used 72987K, capacity 76678K, committed 76952K, reserved 1116160K
  class space    used 9680K, capacity 10378K, committed 10416K, reserved 1048576K
GC Heap History (10 events):
Event: 10.499 GC heap before
{Heap before GC invocations=13 (full 2):
 PSYoungGen      total 198656K, used 196923K [0x00000000d5580000, 0x00000000e2600000, 0x0000000100000000)
  eden space 185856K, 100% used [0x00000000d5580000,0x00000000e0b00000,0x00000000e0b00000)
  from space 12800K, 86% used [0x00000000e1900000,0x00000000e23cec80,0x00000000e2580000)
  to   space 13824K, 0% used [0x00000000e0b00000,0x00000000e0b00000,0x00000000e1880000)
 ParOldGen       total 66560K, used 17192K [0x0000000080000000, 0x0000000084100000, 0x00000000d5580000)
  object space 66560K, 25% used [0x0000000080000000,0x00000000810ca170,0x0000000084100000)
 Metaspace       used 55557K, capacity 57888K, committed 58024K, reserved 1099776K
  class space    used 7572K, capacity 8069K, committed 8112K, reserved 1048576K
Event: 10.528 GC heap after
Heap after GC invocations=13 (full 2):
 PSYoungGen      total 199680K, used 13795K [0x00000000d5580000, 0x00000000e7e80000, 0x0000000100000000)
  eden space 185856K, 0% used [0x00000000d5580000,0x00000000d5580000,0x00000000e0b00000)
  from space 13824K, 99% used [0x00000000e0b00000,0x00000000e1878f60,0x00000000e1880000)
  to   space 20992K, 0% used [0x00000000e6a00000,0x00000000e6a00000,0x00000000e7e80000)
 ParOldGen       total 66560K, used 31131K [0x0000000080000000, 0x0000000084100000, 0x00000000d5580000)
  object space 66560K, 46% used [0x0000000080000000,0x0000000081e66e60,0x0000000084100000)
 Metaspace       used 55557K, capacity 57888K, committed 58024K, reserved 1099776K
  class space    used 7572K, capacity 8069K, committed 8112K, reserved 1048576K
}
Event: 10.842 GC heap before
{Heap before GC invocations=14 (full 2):
 PSYoungGen      total 199680K, used 46072K [0x00000000d5580000, 0x00000000e7e80000, 0x0000000100000000)
  eden space 185856K, 17% used [0x00000000d5580000,0x00000000d7505228,0x00000000e0b00000)
  from space 13824K, 99% used [0x00000000e0b00000,0x00000000e1878f60,0x00000000e1880000)
  to   space 20992K, 0% used [0x00000000e6a00000,0x00000000e6a00000,0x00000000e7e80000)
 ParOldGen       total 66560K, used 31131K [0x0000000080000000, 0x0000000084100000, 0x00000000d5580000)
  object space 66560K, 46% used [0x0000000080000000,0x0000000081e66e60,0x0000000084100000)
 Metaspace       used 56548K, capacity 58900K, committed 59160K, reserved 1099776K
  class space    used 7743K, capacity 8217K, committed 8240K, reserved 1048576K
Event: 10.855 GC heap after
Heap after GC invocations=14 (full 2):
 PSYoungGen      total 283136K, used 2528K [0x00000000d5580000, 0x00000000e7e80000, 0x0000000100000000)
  eden space 262144K, 0% used [0x00000000d5580000,0x00000000d5580000,0x00000000e5580000)
  from space 20992K, 12% used [0x00000000e6a00000,0x00000000e6c78000,0x00000000e7e80000)
  to   space 20992K, 0% used [0x00000000e5580000,0x00000000e5580000,0x00000000e6a00000)
 ParOldGen       total 66560K, used 44003K [0x0000000080000000, 0x0000000084100000, 0x00000000d5580000)
  object space 66560K, 66% used [0x0000000080000000,0x0000000082af8cd8,0x0000000084100000)
 Metaspace       used 56548K, capacity 58900K, committed 59160K, reserved 1099776K
  class space    used 7743K, capacity 8217K, committed 8240K, reserved 1048576K
}
Event: 10.855 GC heap before
{Heap before GC invocations=15 (full 3):
 PSYoungGen      total 283136K, used 2528K [0x00000000d5580000, 0x00000000e7e80000, 0x0000000100000000)
  eden space 262144K, 0% used [0x00000000d5580000,0x00000000d5580000,0x00000000e5580000)
  from space 20992K, 12% used [0x00000000e6a00000,0x00000000e6c78000,0x00000000e7e80000)
  to   space 20992K, 0% used [0x00000000e5580000,0x00000000e5580000,0x00000000e6a00000)
 ParOldGen       total 66560K, used 44003K [0x0000000080000000, 0x0000000084100000, 0x00000000d5580000)
  object space 66560K, 66% used [0x0000000080000000,0x0000000082af8cd8,0x0000000084100000)
 Metaspace       used 56548K, capacity 58900K, committed 59160K, reserved 1099776K
  class space    used 7743K, capacity 8217K, committed 8240K, reserved 1048576K
Event: 11.075 GC heap after
Heap after GC invocations=15 (full 3):
 PSYoungGen      total 283136K, used 0K [0x00000000d5580000, 0x00000000e7e80000, 0x0000000100000000)
  eden space 262144K, 0% used [0x00000000d5580000,0x00000000d5580000,0x00000000e5580000)
  from space 20992K, 0% used [0x00000000e6a00000,0x00000000e6a00000,0x00000000e7e80000)
  to   space 20992K, 0% used [0x00000000e5580000,0x00000000e5580000,0x00000000e6a00000)
 ParOldGen       total 102400K, used 32670K [0x0000000080000000, 0x0000000086400000, 0x00000000d5580000)
  object space 102400K, 31% used [0x0000000080000000,0x0000000081fe7860,0x0000000086400000)
 Metaspace       used 56505K, capacity 58756K, committed 59160K, reserved 1099776K
  class space    used 7730K, capacity 8193K, committed 8240K, reserved 1048576K
}
Event: 120.334 GC heap before
{Heap before GC invocations=16 (full 3):
 PSYoungGen      total 283136K, used 262144K [0x00000000d5580000, 0x00000000e7e80000, 0x0000000100000000)
  eden space 262144K, 100% used [0x00000000d5580000,0x00000000e5580000,0x00000000e5580000)
  from space 20992K, 0% used [0x00000000e6a00000,0x00000000e6a00000,0x00000000e7e80000)
  to   space 20992K, 0% used [0x00000000e5580000,0x00000000e5580000,0x00000000e6a00000)
 ParOldGen       total 102400K, used 32670K [0x0000000080000000, 0x0000000086400000, 0x00000000d5580000)
  object space 102400K, 31% used [0x0000000080000000,0x0000000081fe7860,0x0000000086400000)
 Metaspace       used 68440K, capacity 71978K, committed 72216K, reserved 1112064K
  class space    used 9256K, capacity 9916K, committed 10032K, reserved 1048576K
Event: 120.367 GC heap after
Heap after GC invocations=16 (full 3):
 PSYoungGen      total 283136K, used 20811K [0x00000000d5580000, 0x00000000ed180000, 0x0000000100000000)
  eden space 262144K, 0% used [0x00000000d5580000,0x00000000d5580000,0x00000000e5580000)
  from space 20992K, 99% used [0x00000000e5580000,0x00000000e69d2ce8,0x00000000e6a00000)
  to   space 24064K, 0% used [0x00000000eba00000,0x00000000eba00000,0x00000000ed180000)
 ParOldGen       total 102400K, used 32678K [0x0000000080000000, 0x0000000086400000, 0x00000000d5580000)
  object space 102400K, 31% used [0x0000000080000000,0x0000000081fe9860,0x0000000086400000)
 Metaspace       used 68440K, capacity 71978K, committed 72216K, reserved 1112064K
  class space    used 9256K, capacity 9916K, committed 10032K, reserved 1048576K
}
Event: 127.075 GC heap before
{Heap before GC invocations=17 (full 3):
 PSYoungGen      total 283136K, used 280654K [0x00000000d5580000, 0x00000000ed180000, 0x0000000100000000)
  eden space 262144K, 99% used [0x00000000d5580000,0x00000000e5340ba0,0x00000000e5580000)
  from space 20992K, 99% used [0x00000000e5580000,0x00000000e69d2ce8,0x00000000e6a00000)
  to   space 24064K, 0% used [0x00000000eba00000,0x00000000eba00000,0x00000000ed180000)
 ParOldGen       total 102400K, used 32678K [0x0000000080000000, 0x0000000086400000, 0x00000000d5580000)
  object space 102400K, 31% used [0x0000000080000000,0x0000000081fe9860,0x0000000086400000)
 Metaspace       used 72956K, capacity 76614K, committed 76696K, reserved 1116160K
  class space    used 9676K, capacity 10378K, committed 10416K, reserved 1048576K
Event: 127.143 GC heap after
Heap after GC invocations=17 (full 3):
 PSYoungGen      total 286208K, used 24042K [0x00000000d5580000, 0x00000000ed180000, 0x0000000100000000)
  eden space 262144K, 0% used [0x00000000d5580000,0x00000000d5580000,0x00000000e5580000)
  from space 24064K, 99% used [0x00000000eba00000,0x00000000ed17ab70,0x00000000ed180000)
  to   space 20992K, 0% used [0x00000000e5580000,0x00000000e5580000,0x00000000e6a00000)
 ParOldGen       total 102400K, used 59823K [0x0000000080000000, 0x0000000086400000, 0x00000000d5580000)
  object space 102400K, 58% used [0x0000000080000000,0x0000000083a6bda8,0x0000000086400000)
 Metaspace       used 72956K, capacity 76614K, committed 76696K, reserved 1116160K
  class space    used 9676K, capacity 10378K, committed 10416K, reserved 1048576K
}

